c:\users\soker\documents\github\practicas_master\programacion_c++\guillermosuarezcalleja\practica01\debug\vc143.pdb
c:\users\soker\documents\github\practicas_master\programacion_c++\guillermosuarezcalleja\practica01\debug\vc143.idb
c:\users\soker\documents\github\practicas_master\programacion_c++\guillermosuarezcalleja\practica01\debug\practica01.obj
c:\users\soker\documents\github\practicas_master\programacion_c++\guillermosuarezcalleja\practica01\debug\vc142.pdb
c:\users\soker\documents\github\practicas_master\programacion_c++\guillermosuarezcalleja\practica01\debug\vc142.idb
c:\users\guillermo.suarez\onedrive - u-tad\documents\github\practicas_master\programacion_c++\guillermosuarezcalleja\practica01\debug\vc142.pdb
c:\users\guillermo.suarez\onedrive - u-tad\documents\github\practicas_master\programacion_c++\guillermosuarezcalleja\practica01\debug\vc142.idb
c:\users\guillermo.suarez\onedrive - u-tad\documents\github\practicas_master\programacion_c++\guillermosuarezcalleja\practica01\debug\practica01.obj
c:\users\soker\documents\github\practicas_master\programacion_c++\guillermosuarezcalleja\practica01\debug\practica01.ilk
c:\users\soker\documents\github\practicas_master\programacion_c++\guillermosuarezcalleja\debug\practica01.exe
c:\users\soker\documents\github\practicas_master\programacion_c++\guillermosuarezcalleja\debug\practica01.pdb
c:\users\guillermo.suarez\onedrive - u-tad\documents\github\practicas_master\programacion_c++\guillermosuarezcalleja\debug\practica01.ilk
c:\users\guillermo.suarez\onedrive - u-tad\documents\github\practicas_master\programacion_c++\guillermosuarezcalleja\debug\practica01.exe
c:\users\guillermo.suarez\onedrive - u-tad\documents\github\practicas_master\programacion_c++\guillermosuarezcalleja\debug\practica01.pdb
c:\users\soker\documents\github\practicas_master\programacion_c++\guillermosuarezcalleja\debug\practica01.ilk
c:\users\soker\documents\github\practicas_master\programacion_c++\guillermosuarezcalleja\practica01\debug\practica01.tlog\cl.command.1.tlog
c:\users\soker\documents\github\practicas_master\programacion_c++\guillermosuarezcalleja\practica01\debug\practica01.tlog\cl.read.1.tlog
c:\users\soker\documents\github\practicas_master\programacion_c++\guillermosuarezcalleja\practica01\debug\practica01.tlog\cl.write.1.tlog
c:\users\soker\documents\github\practicas_master\programacion_c++\guillermosuarezcalleja\practica01\debug\practica01.tlog\link.command.1.tlog
c:\users\soker\documents\github\practicas_master\programacion_c++\guillermosuarezcalleja\practica01\debug\practica01.tlog\link.delete.1.tlog
c:\users\soker\documents\github\practicas_master\programacion_c++\guillermosuarezcalleja\practica01\debug\practica01.tlog\link.read.1.tlog
c:\users\soker\documents\github\practicas_master\programacion_c++\guillermosuarezcalleja\practica01\debug\practica01.tlog\link.write.1.tlog
