c:\users\soker\documents\github\practicas_master\programacion_c++\guillermosuarezcalleja\practica16\debug\vc142.pdb
c:\users\soker\documents\github\practicas_master\programacion_c++\guillermosuarezcalleja\practica16\debug\vc142.idb
c:\users\soker\documents\github\practicas_master\programacion_c++\guillermosuarezcalleja\practica16\debug\tlist.obj
c:\users\soker\documents\github\practicas_master\programacion_c++\guillermosuarezcalleja\practica16\debug\practica16.obj
c:\users\soker\documents\github\practicas_master\programacion_c++\guillermosuarezcalleja\practica16\debug\zombie.obj
c:\users\soker\documents\github\practicas_master\programacion_c++\guillermosuarezcalleja\practica16\debug\werewolf.obj
c:\users\soker\documents\github\practicas_master\programacion_c++\guillermosuarezcalleja\practica16\debug\vampire.obj
c:\users\guillermo.suarez\onedrive - u-tad\documents\github\practicas_master\programacion_c++\guillermosuarezcalleja\practica16\debug\vc142.pdb
c:\users\guillermo.suarez\onedrive - u-tad\documents\github\practicas_master\programacion_c++\guillermosuarezcalleja\practica16\debug\vc142.idb
c:\users\guillermo.suarez\onedrive - u-tad\documents\github\practicas_master\programacion_c++\guillermosuarezcalleja\practica16\debug\zombie.obj
c:\users\guillermo.suarez\onedrive - u-tad\documents\github\practicas_master\programacion_c++\guillermosuarezcalleja\practica16\debug\werewolf.obj
c:\users\guillermo.suarez\onedrive - u-tad\documents\github\practicas_master\programacion_c++\guillermosuarezcalleja\practica16\debug\vampire.obj
c:\users\guillermo.suarez\onedrive - u-tad\documents\github\practicas_master\programacion_c++\guillermosuarezcalleja\practica16\debug\tlist.obj
c:\users\guillermo.suarez\onedrive - u-tad\documents\github\practicas_master\programacion_c++\guillermosuarezcalleja\practica16\debug\practica16.obj
c:\users\soker\documents\github\practicas_master\programacion_c++\guillermosuarezcalleja\debug\practica16.exe
c:\users\soker\documents\github\practicas_master\programacion_c++\guillermosuarezcalleja\practica16\debug\practica16.ilk
c:\users\soker\documents\github\practicas_master\programacion_c++\guillermosuarezcalleja\debug\practica16.pdb
c:\users\guillermo.suarez\onedrive - u-tad\documents\github\practicas_master\programacion_c++\guillermosuarezcalleja\debug\practica16.ilk
c:\users\guillermo.suarez\onedrive - u-tad\documents\github\practicas_master\programacion_c++\guillermosuarezcalleja\debug\practica16.exe
c:\users\guillermo.suarez\onedrive - u-tad\documents\github\practicas_master\programacion_c++\guillermosuarezcalleja\debug\practica16.pdb
c:\users\soker\documents\github\practicas_master\programacion_c++\guillermosuarezcalleja\debug\practica16.ilk
c:\users\soker\documents\github\practicas_master\programacion_c++\guillermosuarezcalleja\practica16\debug\practica16.tlog\cl.command.1.tlog
c:\users\soker\documents\github\practicas_master\programacion_c++\guillermosuarezcalleja\practica16\debug\practica16.tlog\cl.read.1.tlog
c:\users\soker\documents\github\practicas_master\programacion_c++\guillermosuarezcalleja\practica16\debug\practica16.tlog\cl.write.1.tlog
c:\users\soker\documents\github\practicas_master\programacion_c++\guillermosuarezcalleja\practica16\debug\practica16.tlog\link.command.1.tlog
c:\users\soker\documents\github\practicas_master\programacion_c++\guillermosuarezcalleja\practica16\debug\practica16.tlog\link.delete.1.tlog
c:\users\soker\documents\github\practicas_master\programacion_c++\guillermosuarezcalleja\practica16\debug\practica16.tlog\link.read.1.tlog
c:\users\soker\documents\github\practicas_master\programacion_c++\guillermosuarezcalleja\practica16\debug\practica16.tlog\link.write.1.tlog
