c:\users\soker\documents\github\practicas_master\arquitectura\practica4\1_skeleton\swalib-master\swalib_example\swalib_example\debug\vc142.pdb
c:\users\soker\documents\github\practicas_master\arquitectura\practica4\1_skeleton\swalib-master\swalib_example\swalib_example\debug\vc142.idb
c:\users\soker\documents\github\practicas_master\arquitectura\practica4\1_skeleton\swalib-master\swalib_example\swalib_example\debug\worldengine.obj
c:\users\soker\documents\github\practicas_master\arquitectura\practica4\1_skeleton\swalib-master\swalib_example\swalib_example\debug\timecounter.obj
c:\users\soker\documents\github\practicas_master\arquitectura\practica4\1_skeleton\swalib-master\swalib_example\swalib_example\debug\sys_win.obj
c:\users\soker\documents\github\practicas_master\arquitectura\practica4\1_skeleton\swalib-master\swalib_example\swalib_example\debug\stdafx.obj
c:\users\soker\documents\github\practicas_master\arquitectura\practica4\1_skeleton\swalib-master\swalib_example\swalib_example\debug\renderengine.obj
c:\users\soker\documents\github\practicas_master\arquitectura\practica4\1_skeleton\swalib-master\swalib_example\swalib_example\debug\messagemanager.obj
c:\users\soker\documents\github\practicas_master\arquitectura\practica4\1_skeleton\swalib-master\swalib_example\swalib_example\debug\lodepng.obj
c:\users\soker\documents\github\practicas_master\arquitectura\practica4\1_skeleton\swalib-master\swalib_example\swalib_example\debug\font.obj
c:\users\soker\documents\github\practicas_master\arquitectura\practica4\1_skeleton\swalib-master\swalib_example\swalib_example\debug\entitycomponent.obj
c:\users\soker\documents\github\practicas_master\arquitectura\practica4\1_skeleton\swalib-master\swalib_example\swalib_example\debug\bucleprincipal.obj
c:\users\soker\documents\github\practicas_master\arquitectura\practica4\1_skeleton\swalib-master\swalib_example\swalib_example\debug\core.obj
c:\users\soker\documents\github\practicas_master\arquitectura\practica4\1_skeleton\swalib-master\swalib_example\swalib_example\debug\components.obj
c:\users\soker\documents\github\practicas_master\arquitectura\practica4\1_skeleton\swalib-master\swalib_example\swalib_example\debug\ball.obj
c:\users\soker\documents\github\practicas_master\arquitectura\practica4\1_skeleton\swalib-master\swalib_example\swalib_example\debug\swalib_example.ilk
c:\users\soker\documents\github\practicas_master\arquitectura\practica4\1_skeleton\swalib-master\swalib_example\debug\swalib_example.exe
c:\users\soker\documents\github\practicas_master\arquitectura\practica4\1_skeleton\swalib-master\swalib_example\debug\swalib_example.pdb
c:\users\soker\documents\github\practicas_master\arquitectura\practica4\1_skeleton\swalib-master\swalib_example\swalib_example\debug\swalib_example.tlog\cl.command.1.tlog
c:\users\soker\documents\github\practicas_master\arquitectura\practica4\1_skeleton\swalib-master\swalib_example\swalib_example\debug\swalib_example.tlog\cl.read.1.tlog
c:\users\soker\documents\github\practicas_master\arquitectura\practica4\1_skeleton\swalib-master\swalib_example\swalib_example\debug\swalib_example.tlog\cl.write.1.tlog
c:\users\soker\documents\github\practicas_master\arquitectura\practica4\1_skeleton\swalib-master\swalib_example\swalib_example\debug\swalib_example.tlog\link.command.1.tlog
c:\users\soker\documents\github\practicas_master\arquitectura\practica4\1_skeleton\swalib-master\swalib_example\swalib_example\debug\swalib_example.tlog\link.read.1.tlog
c:\users\soker\documents\github\practicas_master\arquitectura\practica4\1_skeleton\swalib-master\swalib_example\swalib_example\debug\swalib_example.tlog\link.write.1.tlog
