c:\users\guillermo.suarez\documents\practicas\estructuras\1_skeleton\1_skeleton\swalib-master\swalib_example\swalib_example\debug\vc142.pdb
c:\users\guillermo.suarez\documents\practicas\estructuras\1_skeleton\1_skeleton\swalib-master\swalib_example\swalib_example\debug\vc142.idb
c:\users\soker\documents\github\practicas_master\estructuras\1_skeleton\1_skeleton\swalib-master\swalib_example\swalib_example\debug\vc142.pdb
c:\users\soker\documents\github\practicas_master\estructuras\1_skeleton\1_skeleton\swalib-master\swalib_example\swalib_example\debug\vc142.idb
c:\users\soker\documents\github\practicas_master\estructuras\practica3\1_skeleton\swalib-master\swalib_example\swalib_example\debug\vc142.pdb
c:\users\soker\documents\github\practicas_master\estructuras\practica3\1_skeleton\swalib-master\swalib_example\swalib_example\debug\vc142.idb
c:\users\soker\documents\github\practicas_master\estructuras\practica3\1_skeleton\swalib-master\swalib_example\swalib_example\debug\timecounter.obj
c:\users\soker\documents\github\practicas_master\estructuras\practica3\1_skeleton\swalib-master\swalib_example\swalib_example\debug\sys_win.obj
c:\users\soker\documents\github\practicas_master\estructuras\practica3\1_skeleton\swalib-master\swalib_example\swalib_example\debug\stdafx.obj
c:\users\soker\documents\github\practicas_master\estructuras\practica3\1_skeleton\swalib-master\swalib_example\swalib_example\debug\shutdownrender.obj
c:\users\soker\documents\github\practicas_master\estructuras\practica3\1_skeleton\swalib-master\swalib_example\swalib_example\debug\shutdown.obj
c:\users\soker\documents\github\practicas_master\estructuras\practica3\1_skeleton\swalib-master\swalib_example\swalib_example\debug\setrender.obj
c:\users\soker\documents\github\practicas_master\estructuras\practica3\1_skeleton\swalib-master\swalib_example\swalib_example\debug\render.obj
c:\users\soker\documents\github\practicas_master\estructuras\practica3\1_skeleton\swalib-master\swalib_example\swalib_example\debug\logic.obj
c:\users\soker\documents\github\practicas_master\estructuras\practica3\1_skeleton\swalib-master\swalib_example\swalib_example\debug\lodepng.obj
c:\users\soker\documents\github\practicas_master\estructuras\practica3\1_skeleton\swalib-master\swalib_example\swalib_example\debug\init.obj
c:\users\soker\documents\github\practicas_master\estructuras\practica3\1_skeleton\swalib-master\swalib_example\swalib_example\debug\font.obj
c:\users\soker\documents\github\practicas_master\estructuras\practica3\1_skeleton\swalib-master\swalib_example\swalib_example\debug\example.obj
c:\users\soker\documents\github\practicas_master\estructuras\practica3\1_skeleton\swalib-master\swalib_example\swalib_example\debug\core.obj
c:\users\soker\documents\github\practicas_master\estructuras\practica3\1_skeleton\swalib-master\swalib_example\swalib_example\debug\ball.obj
c:\users\soker\documents\github\practicas_master\estructuras\practica3\1_skeleton\swalib-master\swalib_example\debug\swalib_example.exe
c:\users\soker\documents\github\practicas_master\estructuras\practica3\1_skeleton\swalib-master\swalib_example\swalib_example\debug\swalib_example.ilk
c:\users\soker\documents\github\practicas_master\estructuras\practica3\1_skeleton\swalib-master\swalib_example\debug\swalib_example.pdb
c:\users\soker\documents\github\practicas_master\estructuras\practica3\1_skeleton\swalib-master\swalib_example\swalib_example\debug\timer.obj
c:\users\soker\documents\github\practicas_master\estructuras\practica3\1_skeleton\swalib-master\swalib_example\debug\swalib_example.ilk
c:\users\soker\documents\github\practicas_master\estructuras\practica3\1_skeleton\swalib-master\swalib_example\swalib_example\debug\swalib_example.tlog\cl.command.1.tlog
c:\users\soker\documents\github\practicas_master\estructuras\practica3\1_skeleton\swalib-master\swalib_example\swalib_example\debug\swalib_example.tlog\cl.read.1.tlog
c:\users\soker\documents\github\practicas_master\estructuras\practica3\1_skeleton\swalib-master\swalib_example\swalib_example\debug\swalib_example.tlog\cl.write.1.tlog
c:\users\soker\documents\github\practicas_master\estructuras\practica3\1_skeleton\swalib-master\swalib_example\swalib_example\debug\swalib_example.tlog\link.command.1.tlog
c:\users\soker\documents\github\practicas_master\estructuras\practica3\1_skeleton\swalib-master\swalib_example\swalib_example\debug\swalib_example.tlog\link.delete.1.tlog
c:\users\soker\documents\github\practicas_master\estructuras\practica3\1_skeleton\swalib-master\swalib_example\swalib_example\debug\swalib_example.tlog\link.read.1.tlog
c:\users\soker\documents\github\practicas_master\estructuras\practica3\1_skeleton\swalib-master\swalib_example\swalib_example\debug\swalib_example.tlog\link.write.1.tlog
