c:\users\guillermo.suarez\onedrive - u-tad\documents\github\practicas_master\programacion_c++\guillermosuarezcalleja\practica19\debug\vc142.pdb
c:\users\guillermo.suarez\onedrive - u-tad\documents\github\practicas_master\programacion_c++\guillermosuarezcalleja\practica19\debug\vc142.idb
c:\users\guillermo.suarez\onedrive - u-tad\documents\github\practicas_master\programacion_c++\guillermosuarezcalleja\practica19\debug\tlist.obj
c:\users\guillermo.suarez\onedrive - u-tad\documents\github\practicas_master\programacion_c++\guillermosuarezcalleja\practica19\debug\practica19.obj
c:\users\guillermo.suarez\onedrive - u-tad\documents\github\practicas_master\programacion_c++\guillermosuarezcalleja\debug\practica19.exe
c:\users\guillermo.suarez\onedrive - u-tad\documents\github\practicas_master\programacion_c++\guillermosuarezcalleja\debug\practica19.ilk
c:\users\guillermo.suarez\onedrive - u-tad\documents\github\practicas_master\programacion_c++\guillermosuarezcalleja\debug\practica19.pdb
c:\users\soker\documents\github\practicas_master\programacion_c++\guillermosuarezcalleja\practica19\debug\practica19.obj
c:\users\soker\documents\github\practicas_master\programacion_c++\guillermosuarezcalleja\practica19\debug\tlist.obj
c:\users\soker\documents\github\practicas_master\programacion_c++\guillermosuarezcalleja\practica19\debug\practica19.ilk
c:\users\soker\documents\github\practicas_master\programacion_c++\guillermosuarezcalleja\practica19\debug\vc142.idb
c:\users\soker\documents\github\practicas_master\programacion_c++\guillermosuarezcalleja\practica19\debug\vc142.pdb
c:\users\soker\documents\github\practicas_master\programacion_c++\guillermosuarezcalleja\debug\practica19.pdb
c:\users\soker\documents\github\practicas_master\programacion_c++\guillermosuarezcalleja\debug\practica19.exe
c:\users\soker\documents\github\practicas_master\programacion_c++\guillermosuarezcalleja\debug\practica19.ilk
c:\users\soker\documents\github\practicas_master\programacion_c++\guillermosuarezcalleja\practica19\debug\practica19.tlog\cl.command.1.tlog
c:\users\soker\documents\github\practicas_master\programacion_c++\guillermosuarezcalleja\practica19\debug\practica19.tlog\cl.read.1.tlog
c:\users\soker\documents\github\practicas_master\programacion_c++\guillermosuarezcalleja\practica19\debug\practica19.tlog\cl.write.1.tlog
c:\users\soker\documents\github\practicas_master\programacion_c++\guillermosuarezcalleja\practica19\debug\practica19.tlog\link.command.1.tlog
c:\users\soker\documents\github\practicas_master\programacion_c++\guillermosuarezcalleja\practica19\debug\practica19.tlog\link.delete.1.tlog
c:\users\soker\documents\github\practicas_master\programacion_c++\guillermosuarezcalleja\practica19\debug\practica19.tlog\link.read.1.tlog
c:\users\soker\documents\github\practicas_master\programacion_c++\guillermosuarezcalleja\practica19\debug\practica19.tlog\link.write.1.tlog
