c:\users\guillermo.suarez\documents\github\practicas_master\programacion_c++\guillermosuarezcalleja\practica05\debug\vc142.pdb
c:\users\guillermo.suarez\documents\github\practicas_master\programacion_c++\guillermosuarezcalleja\practica05\debug\vc142.idb
c:\users\soker\documents\github\practicas_master\programacion_c++\guillermosuarezcalleja\practica05\debug\vc142.pdb
c:\users\soker\documents\github\practicas_master\programacion_c++\guillermosuarezcalleja\practica05\debug\vc142.idb
c:\users\guillermo.suarez\onedrive - u-tad\documents\github\practicas_master\programacion_c++\guillermosuarezcalleja\practica05\debug\vc142.pdb
c:\users\guillermo.suarez\onedrive - u-tad\documents\github\practicas_master\programacion_c++\guillermosuarezcalleja\practica05\debug\vc142.idb
c:\users\guillermo.suarez\onedrive - u-tad\documents\github\practicas_master\programacion_c++\guillermosuarezcalleja\practica05\debug\practica05-07.obj
c:\users\guillermo.suarez\onedrive - u-tad\documents\github\practicas_master\programacion_c++\guillermosuarezcalleja\practica05\debug\filemanager.obj
c:\users\guillermo.suarez\onedrive - u-tad\documents\github\practicas_master\programacion_c++\guillermosuarezcalleja\debug\practica05.exe
c:\users\guillermo.suarez\onedrive - u-tad\documents\github\practicas_master\programacion_c++\guillermosuarezcalleja\debug\practica05.ilk
c:\users\guillermo.suarez\onedrive - u-tad\documents\github\practicas_master\programacion_c++\guillermosuarezcalleja\debug\practica05.pdb
c:\users\soker\documents\github\practicas_master\programacion_c++\guillermosuarezcalleja\practica05\debug\filemanager.obj
c:\users\soker\documents\github\practicas_master\programacion_c++\guillermosuarezcalleja\practica05\debug\p05.obj
c:\users\soker\documents\github\practicas_master\programacion_c++\guillermosuarezcalleja\practica05\debug\practica05-07.obj
c:\users\soker\documents\github\practicas_master\programacion_c++\guillermosuarezcalleja\practica05\debug\practica05.obj
c:\users\soker\documents\github\practicas_master\programacion_c++\guillermosuarezcalleja\practica05\debug\prueba.obj
c:\users\soker\documents\github\practicas_master\programacion_c++\guillermosuarezcalleja\practica05\debug\restacpp.obj
c:\users\soker\documents\github\practicas_master\programacion_c++\guillermosuarezcalleja\practica05\debug\practica05.obj.enc
c:\users\soker\documents\github\practicas_master\programacion_c++\guillermosuarezcalleja\practica05\debug\practica05.ilk
c:\users\soker\documents\github\practicas_master\programacion_c++\guillermosuarezcalleja\practica05\debug\vc143.idb
c:\users\soker\documents\github\practicas_master\programacion_c++\guillermosuarezcalleja\practica05\debug\vc143.pdb
c:\users\soker\documents\github\practicas_master\programacion_c++\guillermosuarezcalleja\debug\practica05.pdb
c:\users\soker\documents\github\practicas_master\programacion_c++\guillermosuarezcalleja\debug\practica05.exe
c:\users\soker\documents\github\practicas_master\programacion_c++\guillermosuarezcalleja\debug\practica05.ilk
c:\users\soker\documents\github\practicas_master\programacion_c++\guillermosuarezcalleja\practica05\debug\practica05.tlog\cl.command.1.tlog
c:\users\soker\documents\github\practicas_master\programacion_c++\guillermosuarezcalleja\practica05\debug\practica05.tlog\cl.read.1.tlog
c:\users\soker\documents\github\practicas_master\programacion_c++\guillermosuarezcalleja\practica05\debug\practica05.tlog\cl.write.1.tlog
c:\users\soker\documents\github\practicas_master\programacion_c++\guillermosuarezcalleja\practica05\debug\practica05.tlog\link.command.1.tlog
c:\users\soker\documents\github\practicas_master\programacion_c++\guillermosuarezcalleja\practica05\debug\practica05.tlog\link.delete.1.tlog
c:\users\soker\documents\github\practicas_master\programacion_c++\guillermosuarezcalleja\practica05\debug\practica05.tlog\link.read.1.tlog
c:\users\soker\documents\github\practicas_master\programacion_c++\guillermosuarezcalleja\practica05\debug\practica05.tlog\link.write.1.tlog
