c:\users\guillermo.suarez\onedrive - u-tad\documents\github\practicas_master\programacion_c++\guillermosuarezcalleja\practica10\debug\vc142.pdb
c:\users\guillermo.suarez\onedrive - u-tad\documents\github\practicas_master\programacion_c++\guillermosuarezcalleja\practica10\debug\vc142.idb
c:\users\guillermo.suarez\onedrive - u-tad\documents\github\practicas_master\programacion_c++\guillermosuarezcalleja\practica10\debug\practica10.obj
c:\users\guillermo.suarez\onedrive - u-tad\documents\github\practicas_master\programacion_c++\guillermosuarezcalleja\practica10\debug\filemanager.obj
c:\users\guillermo.suarez\onedrive - u-tad\documents\github\practicas_master\programacion_c++\guillermosuarezcalleja\practica10\debug\tlist.obj
c:\users\guillermo.suarez\onedrive - u-tad\documents\github\practicas_master\programacion_c++\guillermosuarezcalleja\debug\practica10.exe
c:\users\guillermo.suarez\onedrive - u-tad\documents\github\practicas_master\programacion_c++\guillermosuarezcalleja\debug\practica10.ilk
c:\users\guillermo.suarez\onedrive - u-tad\documents\github\practicas_master\programacion_c++\guillermosuarezcalleja\debug\practica10.pdb
c:\users\soker\documents\github\practicas_master\programacion_c++\guillermosuarezcalleja\practica10\debug\filemanager.obj
c:\users\soker\documents\github\practicas_master\programacion_c++\guillermosuarezcalleja\practica10\debug\practica10.obj
c:\users\soker\documents\github\practicas_master\programacion_c++\guillermosuarezcalleja\practica10\debug\tlist.obj
c:\users\soker\documents\github\practicas_master\programacion_c++\guillermosuarezcalleja\practica10\debug\practica10.ilk
c:\users\soker\documents\github\practicas_master\programacion_c++\guillermosuarezcalleja\practica10\debug\vc142.idb
c:\users\soker\documents\github\practicas_master\programacion_c++\guillermosuarezcalleja\practica10\debug\vc143.idb
c:\users\soker\documents\github\practicas_master\programacion_c++\guillermosuarezcalleja\practica10\debug\vc142.pdb
c:\users\soker\documents\github\practicas_master\programacion_c++\guillermosuarezcalleja\practica10\debug\vc143.pdb
c:\users\soker\documents\github\practicas_master\programacion_c++\guillermosuarezcalleja\debug\practica10.pdb
c:\users\soker\documents\github\practicas_master\programacion_c++\guillermosuarezcalleja\debug\practica10.exe
c:\users\soker\documents\github\practicas_master\programacion_c++\guillermosuarezcalleja\debug\practica10.ilk
c:\users\soker\documents\github\practicas_master\programacion_c++\guillermosuarezcalleja\practica10\debug\practica10.tlog\cl.command.1.tlog
c:\users\soker\documents\github\practicas_master\programacion_c++\guillermosuarezcalleja\practica10\debug\practica10.tlog\cl.read.1.tlog
c:\users\soker\documents\github\practicas_master\programacion_c++\guillermosuarezcalleja\practica10\debug\practica10.tlog\cl.write.1.tlog
c:\users\soker\documents\github\practicas_master\programacion_c++\guillermosuarezcalleja\practica10\debug\practica10.tlog\link.command.1.tlog
c:\users\soker\documents\github\practicas_master\programacion_c++\guillermosuarezcalleja\practica10\debug\practica10.tlog\link.delete.1.tlog
c:\users\soker\documents\github\practicas_master\programacion_c++\guillermosuarezcalleja\practica10\debug\practica10.tlog\link.read.1.tlog
c:\users\soker\documents\github\practicas_master\programacion_c++\guillermosuarezcalleja\practica10\debug\practica10.tlog\link.write.1.tlog
